<?xml version="1.0" encoding="UTF-8"?>
<testsuite xmlns:xsi="http://www.w3.org/2001/XMLSchema-instance" xsi:noNamespaceSchemaLocation="https://maven.apache.org/surefire/maven-surefire-plugin/xsd/surefire-test-report.xsd" name="com.app.ModelSolution1Test" time="0.047" tests="18" errors="0" skipped="0" failures="0">
  <properties>
    <property name="sun.desktop" value="windows"/>
    <property name="awt.toolkit" value="sun.awt.windows.WToolkit"/>
    <property name="file.encoding.pkg" value="sun.io"/>
    <property name="java.specification.version" value="1.8"/>
    <property name="sun.cpu.isalist" value="amd64"/>
    <property name="sun.jnu.encoding" value="Cp1252"/>
    <property name="java.class.path" value="C:\Users\rashi\Desktop\Thesis\PiTest\target\test-classes;C:\Users\rashi\Desktop\Thesis\PiTest\target\classes;C:\Users\rashi\.m2\repository\junit\junit\4.11\junit-4.11.jar;C:\Users\rashi\.m2\repository\org\hamcrest\hamcrest-core\1.3\hamcrest-core-1.3.jar;"/>
    <property name="java.vm.vendor" value="Oracle Corporation"/>
    <property name="sun.arch.data.model" value="64"/>
    <property name="user.variant" value=""/>
    <property name="java.vendor.url" value="http://java.oracle.com/"/>
    <property name="user.timezone" value="Europe/Berlin"/>
    <property name="user.country.format" value="SE"/>
    <property name="java.vm.specification.version" value="1.8"/>
    <property name="os.name" value="Windows 10"/>
    <property name="user.country" value="US"/>
    <property name="sun.java.launcher" value="SUN_STANDARD"/>
    <property name="sun.boot.library.path" value="C:\Program Files\Java\jdk1.8.0_281\jre\bin"/>
    <property name="sun.java.command" value="C:\Users\rashi\AppData\Local\Temp\surefire5587992073839931022\surefirebooter636390771807641929.jar C:\Users\rashi\AppData\Local\Temp\surefire5587992073839931022 2021-04-14T09-30-14_688-jvmRun1 surefire2577805541254677396tmp surefire_07711164059916253502tmp"/>
    <property name="surefire.test.class.path" value="C:\Users\rashi\Desktop\Thesis\PiTest\target\test-classes;C:\Users\rashi\Desktop\Thesis\PiTest\target\classes;C:\Users\rashi\.m2\repository\junit\junit\4.11\junit-4.11.jar;C:\Users\rashi\.m2\repository\org\hamcrest\hamcrest-core\1.3\hamcrest-core-1.3.jar;"/>
    <property name="sun.cpu.endian" value="little"/>
    <property name="user.home" value="C:\Users\rashi"/>
    <property name="user.language" value="en"/>
    <property name="java.specification.vendor" value="Oracle Corporation"/>
    <property name="java.home" value="C:\Program Files\Java\jdk1.8.0_281\jre"/>
    <property name="basedir" value="C:\Users\rashi\Desktop\Thesis\PiTest"/>
    <property name="file.separator" value="\"/>
    <property name="line.separator" value="&#10;"/>
    <property name="java.vm.specification.vendor" value="Oracle Corporation"/>
    <property name="java.specification.name" value="Java Platform API Specification"/>
    <property name="java.awt.graphicsenv" value="sun.awt.Win32GraphicsEnvironment"/>
    <property name="surefire.real.class.path" value="C:\Users\rashi\AppData\Local\Temp\surefire5587992073839931022\surefirebooter636390771807641929.jar"/>
    <property name="sun.boot.class.path" value="C:\Program Files\Java\jdk1.8.0_281\jre\lib\resources.jar;C:\Program Files\Java\jdk1.8.0_281\jre\lib\rt.jar;C:\Program Files\Java\jdk1.8.0_281\jre\lib\sunrsasign.jar;C:\Program Files\Java\jdk1.8.0_281\jre\lib\jsse.jar;C:\Program Files\Java\jdk1.8.0_281\jre\lib\jce.jar;C:\Program Files\Java\jdk1.8.0_281\jre\lib\charsets.jar;C:\Program Files\Java\jdk1.8.0_281\jre\lib\jfr.jar;C:\Program Files\Java\jdk1.8.0_281\jre\classes"/>
    <property name="user.script" value=""/>
    <property name="sun.management.compiler" value="HotSpot 64-Bit Tiered Compilers"/>
    <property name="java.runtime.version" value="1.8.0_281-b09"/>
    <property name="user.name" value="rashid"/>
    <property name="path.separator" value=";"/>
    <property name="os.version" value="10.0"/>
    <property name="java.endorsed.dirs" value="C:\Program Files\Java\jdk1.8.0_281\jre\lib\endorsed"/>
    <property name="java.runtime.name" value="Java(TM) SE Runtime Environment"/>
    <property name="file.encoding" value="Cp1252"/>
    <property name="java.vm.name" value="Java HotSpot(TM) 64-Bit Server VM"/>
    <property name="localRepository" value="C:\Users\rashi\.m2\repository"/>
    <property name="java.vendor.url.bug" value="http://bugreport.sun.com/bugreport/"/>
    <property name="java.io.tmpdir" value="C:\Users\rashi\AppData\Local\Temp\"/>
    <property name="java.version" value="1.8.0_281"/>
    <property name="user.dir" value="C:\Users\rashi\Desktop\Thesis\PiTest"/>
    <property name="os.arch" value="amd64"/>
    <property name="java.vm.specification.name" value="Java Virtual Machine Specification"/>
    <property name="java.awt.printerjob" value="sun.awt.windows.WPrinterJob"/>
    <property name="user.language.format" value="sv"/>
    <property name="sun.os.patch.level" value=""/>
    <property name="idea.version2019.3.5" value="true"/>
    <property name="java.library.path" value="C:\Program Files\Java\jdk1.8.0_281\jre\bin;C:\WINDOWS\Sun\Java\bin;C:\WINDOWS\system32;C:\WINDOWS;C:\PYTHON38\SCRIPTS\;C:\PYTHON38\;C:\WINDOWS\SYSTEM32;C:\WINDOWS;C:\WINDOWS\SYSTEM32\WBEM;C:\WINDOWS\SYSTEM32\WINDOWSPOWERSHELL\V1.0\;C:\WINDOWS\SYSTEM32\OPENSSH\;C:\CYGWIN64\BIN;C:\PROGRAM FILES\SOURCEGEAR\COMMON\DIFFMERGE\;C:\PROGRAMDATA\CHOCOLATEY\BIN;C:\PROGRAM FILES\GIT\CMD;C:\PROGRAM FILES\GIT\MINGW64\BIN;C:\PROGRAM FILES\GIT\USR\BIN;C:\PROGRAM FILES\DOTNET\;C:\Program Files\ASUS\Bluetooth Software\;C:\Program Files\ASUS\Bluetooth Software\syswow64;C:\WINDOWS\system32;C:\WINDOWS;C:\WINDOWS\System32\Wbem;C:\WINDOWS\System32\WindowsPowerShell\v1.0\;C:\WINDOWS\System32\OpenSSH\;C:\Program Files\nodejs\;C:\Program Files\Calibre2\;C:\Program Files\MavenJar\apache-maven-3.6.3\bin;C:\Program Files\Java\jdk1.8.0_281\bin;C:\Users\rashi\AppData\Local\Programs\Python\Python39\Scripts\;C:\Users\rashi\AppData\Local\Programs\Python\Python39\;C:\Program Files\MySQL\MySQL Shell 8.0\bin\;C:\Users\rashi\AppData\Local\Programs\Microsoft VS Code\bin;C:\Users\rashi\.dotnet\tools;C:\Users\rashi\AppData\Local\Microsoft\WindowsApps;C:\Users\rashi\AppData\Roaming\npm;C:\Program Files\JetBrains\PyCharm Community Edition 2020.3.2\bin;;C:\Program Files\sqlite-tools-win32-x86-3340100;C:\Program Files\Java\jdk1.8.0_281\bin;C:\Program Files\MavenJar\apache-maven-3.6.3\bin;;."/>
    <property name="java.vm.info" value="mixed mode"/>
    <property name="java.vendor" value="Oracle Corporation"/>
    <property name="java.vm.version" value="25.281-b09"/>
    <property name="java.ext.dirs" value="C:\Program Files\Java\jdk1.8.0_281\jre\lib\ext;C:\WINDOWS\Sun\Java\lib\ext"/>
    <property name="sun.io.unicode.encoding" value="UnicodeLittle"/>
    <property name="java.class.version" value="52.0"/>
  </properties>
  <testcase name="testCase_10" classname="com.app.ModelSolution1Test" time="0.003"/>
  <testcase name="testCase_11" classname="com.app.ModelSolution1Test" time="0"/>
  <testcase name="testCase_12" classname="com.app.ModelSolution1Test" time="0"/>
  <testcase name="testCase_13" classname="com.app.ModelSolution1Test" time="0"/>
  <testcase name="testCase_14" classname="com.app.ModelSolution1Test" time="0"/>
  <testcase name="testCase_15" classname="com.app.ModelSolution1Test" time="0"/>
  <testcase name="testCase_16" classname="com.app.ModelSolution1Test" time="0"/>
  <testcase name="testCase_17" classname="com.app.ModelSolution1Test" time="0"/>
  <testcase name="testCase_18" classname="com.app.ModelSolution1Test" time="0"/>
  <testcase name="testCase_1" classname="com.app.ModelSolution1Test" time="0"/>
  <testcase name="testCase_2" classname="com.app.ModelSolution1Test" time="0"/>
  <testcase name="testCase_3" classname="com.app.ModelSolution1Test" time="0.001"/>
  <testcase name="testCase_4" classname="com.app.ModelSolution1Test" time="0"/>
  <testcase name="testCase_5" classname="com.app.ModelSolution1Test" time="0"/>
  <testcase name="testCase_6" classname="com.app.ModelSolution1Test" time="0"/>
  <testcase name="testCase_7" classname="com.app.ModelSolution1Test" time="0"/>
  <testcase name="testCase_8" classname="com.app.ModelSolution1Test" time="0"/>
  <testcase name="testCase_9" classname="com.app.ModelSolution1Test" time="0.001"/>
</testsuite>